<?xml version="1.0" encoding="UTF-8"?>
<!-- Generated by org.testng.reporters.JUnitReportReporter -->
<testsuite hostname="gank" name="com.jxust.ssm.autowired.DaoImpl_usetestng" tests="1" failures="0" timestamp="9 Jun 2017 08:48:06 GMT" time="0.010" errors="0">
  <testcase name="test" time="0.010" classname="com.jxust.ssm.autowired.DaoImpl_usetestng"/>
</testsuite> <!-- com.jxust.ssm.autowired.DaoImpl_usetestng -->
