<?xml version="1.0" encoding="UTF-8"?>
<!-- Generated by org.testng.reporters.JUnitReportReporter -->
<testsuite hostname="gank" name="auto.meminfo.meminfo_initest" tests="23" failures="0" timestamp="26 Dec 2016 08:49:19 GMT" time="10.784" errors="0">
  <testcase name="meminfotest" time="0.273" classname="auto.meminfo.meminfo_initest"/>
  <testcase name="meminfotest" time="0.582" classname="auto.meminfo.meminfo_initest"/>
  <testcase name="meminfotest" time="0.791" classname="auto.meminfo.meminfo_initest"/>
  <testcase name="meminfotest" time="0.660" classname="auto.meminfo.meminfo_initest"/>
  <testcase name="meminfotest" time="0.493" classname="auto.meminfo.meminfo_initest"/>
  <testcase name="meminfotest" time="0.546" classname="auto.meminfo.meminfo_initest"/>
  <testcase name="meminfotest" time="0.821" classname="auto.meminfo.meminfo_initest"/>
  <testcase name="meminfotest" time="0.173" classname="auto.meminfo.meminfo_initest"/>
  <testcase name="meminfotest" time="0.191" classname="auto.meminfo.meminfo_initest"/>
  <testcase name="meminfotest" time="0.578" classname="auto.meminfo.meminfo_initest"/>
  <testcase name="meminfotest" time="0.155" classname="auto.meminfo.meminfo_initest"/>
  <testcase name="meminfotest" time="0.583" classname="auto.meminfo.meminfo_initest"/>
  <testcase name="meminfotest" time="0.143" classname="auto.meminfo.meminfo_initest"/>
  <testcase name="meminfotest" time="0.148" classname="auto.meminfo.meminfo_initest"/>
  <testcase name="meminfotest" time="0.595" classname="auto.meminfo.meminfo_initest"/>
  <testcase name="meminfotest" time="0.561" classname="auto.meminfo.meminfo_initest"/>
  <testcase name="meminfotest" time="0.190" classname="auto.meminfo.meminfo_initest"/>
  <testcase name="meminfotest" time="0.299" classname="auto.meminfo.meminfo_initest"/>
  <testcase name="meminfotest" time="0.631" classname="auto.meminfo.meminfo_initest"/>
  <testcase name="meminfotest" time="0.872" classname="auto.meminfo.meminfo_initest"/>
  <testcase name="meminfotest" time="0.133" classname="auto.meminfo.meminfo_initest"/>
  <testcase name="meminfotest" time="0.423" classname="auto.meminfo.meminfo_initest"/>
  <testcase name="meminfotest" time="0.943" classname="auto.meminfo.meminfo_initest"/>
</testsuite> <!-- auto.meminfo.meminfo_initest -->
