<?xml version="1.0" encoding="UTF-8"?>
<!-- Generated by org.testng.reporters.JUnitReportReporter -->
<testsuite hostname="gank" name="appuimtest.sunmi_setting_test" tests="1" failures="0" timestamp="13 Apr 2017 10:15:29 GMT" time="2.088" errors="0">
  <testcase name="sunmi_setting_tests" time="2.088" classname="appuimtest.sunmi_setting_test"/>
</testsuite> <!-- appuimtest.sunmi_setting_test -->
