<?xml version="1.0" encoding="UTF-8"?>
<!-- Generated by org.testng.reporters.JUnitReportReporter -->
<testsuite hostname="gank" name="auto.sysapi.test.demo" tests="5" failures="0" timestamp="22 Jan 2017 09:13:02 GMT" time="0.382" errors="0">
  <testcase name="demo" time="0.083" classname="auto.sysapi.test.demo"/>
  <testcase name="demo" time="0.077" classname="auto.sysapi.test.demo"/>
  <testcase name="demo" time="0.079" classname="auto.sysapi.test.demo"/>
  <testcase name="demo" time="0.070" classname="auto.sysapi.test.demo"/>
  <testcase name="demo" time="0.073" classname="auto.sysapi.test.demo"/>
</testsuite> <!-- auto.sysapi.test.demo -->
