<?xml version="1.0" encoding="UTF-8"?>
<!-- Generated by org.testng.reporters.JUnitReportReporter -->
<testsuite hostname="gank" name="auto.meminfo.meminfo_test" tests="26" failures="0" timestamp="23 Dec 2016 08:58:21 GMT" time="10.751" errors="0">
  <testcase name="meminfotest" time="0.668" classname="auto.meminfo.meminfo_test"/>
  <testcase name="meminfotest" time="0.129" classname="auto.meminfo.meminfo_test"/>
  <testcase name="meminfotest" time="0.692" classname="auto.meminfo.meminfo_test"/>
  <testcase name="meminfotest" time="0.605" classname="auto.meminfo.meminfo_test"/>
  <testcase name="meminfotest" time="0.123" classname="auto.meminfo.meminfo_test"/>
  <testcase name="meminfotest" time="0.562" classname="auto.meminfo.meminfo_test"/>
  <testcase name="meminfotest" time="0.672" classname="auto.meminfo.meminfo_test"/>
  <testcase name="meminfotest" time="0.129" classname="auto.meminfo.meminfo_test"/>
  <testcase name="meminfotest" time="0.661" classname="auto.meminfo.meminfo_test"/>
  <testcase name="meminfotest" time="0.692" classname="auto.meminfo.meminfo_test"/>
  <testcase name="meminfotest" time="0.201" classname="auto.meminfo.meminfo_test"/>
  <testcase name="meminfotest" time="0.038" classname="auto.meminfo.meminfo_test"/>
  <testcase name="meminfotest" time="0.716" classname="auto.meminfo.meminfo_test"/>
  <testcase name="meminfotest" time="0.712" classname="auto.meminfo.meminfo_test"/>
  <testcase name="meminfotest" time="0.059" classname="auto.meminfo.meminfo_test"/>
  <testcase name="meminfotest" time="0.756" classname="auto.meminfo.meminfo_test"/>
  <testcase name="meminfotest" time="0.146" classname="auto.meminfo.meminfo_test"/>
  <testcase name="meminfotest" time="0.560" classname="auto.meminfo.meminfo_test"/>
  <testcase name="meminfotest" time="0.153" classname="auto.meminfo.meminfo_test"/>
  <testcase name="meminfotest" time="0.175" classname="auto.meminfo.meminfo_test"/>
  <testcase name="meminfotest" time="0.575" classname="auto.meminfo.meminfo_test"/>
  <testcase name="meminfotest" time="0.616" classname="auto.meminfo.meminfo_test"/>
  <testcase name="meminfotest" time="0.035" classname="auto.meminfo.meminfo_test"/>
  <testcase name="meminfotest" time="0.589" classname="auto.meminfo.meminfo_test"/>
  <testcase name="meminfotest" time="0.356" classname="auto.meminfo.meminfo_test"/>
  <testcase name="meminfotest" time="0.131" classname="auto.meminfo.meminfo_test"/>
</testsuite> <!-- auto.meminfo.meminfo_test -->
