<?xml version="1.0" encoding="UTF-8"?>
<!-- Generated by org.testng.reporters.JUnitReportReporter -->
<testsuite hostname="gank" name="auto.meminfo.meminfo_money5mins" tests="46" failures="0" timestamp="26 Dec 2016 08:21:42 GMT" time="13.796" errors="0">
  <testcase name="meminfotest" time="0.227" classname="auto.meminfo.meminfo_money5mins"/>
  <testcase name="meminfotest" time="0.226" classname="auto.meminfo.meminfo_money5mins"/>
  <testcase name="meminfotest" time="0.249" classname="auto.meminfo.meminfo_money5mins"/>
  <testcase name="meminfotest" time="0.218" classname="auto.meminfo.meminfo_money5mins"/>
  <testcase name="meminfotest" time="0.227" classname="auto.meminfo.meminfo_money5mins"/>
  <testcase name="meminfotest" time="0.234" classname="auto.meminfo.meminfo_money5mins"/>
  <testcase name="meminfotest" time="0.221" classname="auto.meminfo.meminfo_money5mins"/>
  <testcase name="meminfotest" time="0.192" classname="auto.meminfo.meminfo_money5mins"/>
  <testcase name="meminfotest" time="0.229" classname="auto.meminfo.meminfo_money5mins"/>
  <testcase name="meminfotest" time="0.223" classname="auto.meminfo.meminfo_money5mins"/>
  <testcase name="meminfotest" time="0.268" classname="auto.meminfo.meminfo_money5mins"/>
  <testcase name="meminfotest" time="0.222" classname="auto.meminfo.meminfo_money5mins"/>
  <testcase name="meminfotest" time="0.226" classname="auto.meminfo.meminfo_money5mins"/>
  <testcase name="meminfotest" time="0.236" classname="auto.meminfo.meminfo_money5mins"/>
  <testcase name="meminfotest" time="0.207" classname="auto.meminfo.meminfo_money5mins"/>
  <testcase name="meminfotest" time="0.243" classname="auto.meminfo.meminfo_money5mins"/>
  <testcase name="meminfotest" time="0.235" classname="auto.meminfo.meminfo_money5mins"/>
  <testcase name="meminfotest" time="0.228" classname="auto.meminfo.meminfo_money5mins"/>
  <testcase name="meminfotest" time="0.213" classname="auto.meminfo.meminfo_money5mins"/>
  <testcase name="meminfotest" time="0.219" classname="auto.meminfo.meminfo_money5mins"/>
  <testcase name="meminfotest" time="0.229" classname="auto.meminfo.meminfo_money5mins"/>
  <testcase name="meminfotest" time="0.227" classname="auto.meminfo.meminfo_money5mins"/>
  <testcase name="meminfotest" time="0.241" classname="auto.meminfo.meminfo_money5mins"/>
  <testcase name="meminfotest" time="0.929" classname="auto.meminfo.meminfo_money5mins"/>
  <testcase name="meminfotest" time="0.226" classname="auto.meminfo.meminfo_money5mins"/>
  <testcase name="meminfotest" time="0.271" classname="auto.meminfo.meminfo_money5mins"/>
  <testcase name="meminfotest" time="0.225" classname="auto.meminfo.meminfo_money5mins"/>
  <testcase name="meminfotest" time="0.826" classname="auto.meminfo.meminfo_money5mins"/>
  <testcase name="meminfotest" time="0.238" classname="auto.meminfo.meminfo_money5mins"/>
  <testcase name="meminfotest" time="0.266" classname="auto.meminfo.meminfo_money5mins"/>
  <testcase name="meminfotest" time="0.249" classname="auto.meminfo.meminfo_money5mins"/>
  <testcase name="meminfotest" time="1.219" classname="auto.meminfo.meminfo_money5mins"/>
  <testcase name="meminfotest" time="0.236" classname="auto.meminfo.meminfo_money5mins"/>
  <testcase name="meminfotest" time="0.238" classname="auto.meminfo.meminfo_money5mins"/>
  <testcase name="meminfotest" time="0.207" classname="auto.meminfo.meminfo_money5mins"/>
  <testcase name="meminfotest" time="0.243" classname="auto.meminfo.meminfo_money5mins"/>
  <testcase name="meminfotest" time="0.217" classname="auto.meminfo.meminfo_money5mins"/>
  <testcase name="meminfotest" time="0.271" classname="auto.meminfo.meminfo_money5mins"/>
  <testcase name="meminfotest" time="0.208" classname="auto.meminfo.meminfo_money5mins"/>
  <testcase name="meminfotest" time="0.255" classname="auto.meminfo.meminfo_money5mins"/>
  <testcase name="meminfotest" time="0.233" classname="auto.meminfo.meminfo_money5mins"/>
  <testcase name="meminfotest" time="0.242" classname="auto.meminfo.meminfo_money5mins"/>
  <testcase name="meminfotest" time="0.223" classname="auto.meminfo.meminfo_money5mins"/>
  <testcase name="meminfotest" time="0.240" classname="auto.meminfo.meminfo_money5mins"/>
  <testcase name="meminfotest" time="1.071" classname="auto.meminfo.meminfo_money5mins"/>
  <testcase name="meminfotest" time="0.223" classname="auto.meminfo.meminfo_money5mins"/>
</testsuite> <!-- auto.meminfo.meminfo_money5mins -->
