<?xml version="1.0" encoding="UTF-8"?>
<!-- Generated by org.testng.reporters.JUnitReportReporter -->
<testsuite hostname="gank" name="auto.meminfo.meminfo_initest_m1" tests="20" failures="0" timestamp="28 Dec 2016 02:45:24 GMT" time="15.309" errors="0">
  <testcase name="meminfotest" time="0.918" classname="auto.meminfo.meminfo_initest_m1"/>
  <testcase name="meminfotest" time="0.335" classname="auto.meminfo.meminfo_initest_m1"/>
  <testcase name="meminfotest" time="0.880" classname="auto.meminfo.meminfo_initest_m1"/>
  <testcase name="meminfotest" time="0.810" classname="auto.meminfo.meminfo_initest_m1"/>
  <testcase name="meminfotest" time="0.945" classname="auto.meminfo.meminfo_initest_m1"/>
  <testcase name="meminfotest" time="0.818" classname="auto.meminfo.meminfo_initest_m1"/>
  <testcase name="meminfotest" time="0.904" classname="auto.meminfo.meminfo_initest_m1"/>
  <testcase name="meminfotest" time="0.317" classname="auto.meminfo.meminfo_initest_m1"/>
  <testcase name="meminfotest" time="1.148" classname="auto.meminfo.meminfo_initest_m1"/>
  <testcase name="meminfotest" time="1.103" classname="auto.meminfo.meminfo_initest_m1"/>
  <testcase name="meminfotest" time="0.898" classname="auto.meminfo.meminfo_initest_m1"/>
  <testcase name="meminfotest" time="1.166" classname="auto.meminfo.meminfo_initest_m1"/>
  <testcase name="meminfotest" time="1.050" classname="auto.meminfo.meminfo_initest_m1"/>
  <testcase name="meminfotest" time="0.321" classname="auto.meminfo.meminfo_initest_m1"/>
  <testcase name="meminfotest" time="0.329" classname="auto.meminfo.meminfo_initest_m1"/>
  <testcase name="meminfotest" time="1.037" classname="auto.meminfo.meminfo_initest_m1"/>
  <testcase name="meminfotest" time="0.329" classname="auto.meminfo.meminfo_initest_m1"/>
  <testcase name="meminfotest" time="0.312" classname="auto.meminfo.meminfo_initest_m1"/>
  <testcase name="meminfotest" time="0.854" classname="auto.meminfo.meminfo_initest_m1"/>
  <testcase name="meminfotest" time="0.835" classname="auto.meminfo.meminfo_initest_m1"/>
</testsuite> <!-- auto.meminfo.meminfo_initest_m1 -->
